<?xml version="1.0" encoding="UTF-8"?>
<!-- Generated by org.testng.reporters.JUnitReportReporter -->
<testsuite hostname="Rahul_P" name="com.linkedin.cases.CreateNewAccount" tests="2" failures="0" timestamp="12 Sep 2014 11:43:19 GMT" time="43.051" errors="0">
  <testcase name="verify_register_page" time="23.160" classname="com.linkedin.cases.CreateNewAccount"/>
  <testcase name="verify_labels_onpage" time="19.891" classname="com.linkedin.cases.CreateNewAccount"/>
</testsuite> <!-- com.linkedin.cases.CreateNewAccount -->
