<?xml version="1.0" encoding="UTF-8"?>
<!-- Generated by org.testng.reporters.JUnitReportReporter -->
<testsuite hostname="Rahul_P" name="com.linkedin.cases.CreateNewAccount" tests="45" failures="0" timestamp="11 Sep 2014 07:48:32 GMT" time="2185.490" errors="0">
  <testcase name="invalid_password" time="54.149" classname="com.linkedin.cases.CreateNewAccount"/>
  <testcase name="invalid_password" time="102.747" classname="com.linkedin.cases.CreateNewAccount"/>
  <testcase name="click_joinnow_button" time="20.747" classname="com.linkedin.cases.CreateNewAccount"/>
  <testcase name="invalid_emailid" time="46.055" classname="com.linkedin.cases.CreateNewAccount"/>
  <testcase name="invalid_password" time="47.477" classname="com.linkedin.cases.CreateNewAccount"/>
  <testcase name="verify_register_page" time="18.222" classname="com.linkedin.cases.CreateNewAccount"/>
  <testcase name="invalid_emailid" time="50.429" classname="com.linkedin.cases.CreateNewAccount"/>
  <testcase name="invalid_emailid" time="44.569" classname="com.linkedin.cases.CreateNewAccount"/>
  <testcase name="register_success" time="52.308" classname="com.linkedin.cases.CreateNewAccount"/>
  <testcase name="invalidFirstname" time="57.856" classname="com.linkedin.cases.CreateNewAccount"/>
  <testcase name="invalid_emailid" time="48.060" classname="com.linkedin.cases.CreateNewAccount"/>
  <testcase name="invalid_emailid" time="45.118" classname="com.linkedin.cases.CreateNewAccount"/>
  <testcase name="invalid_emailid" time="48.363" classname="com.linkedin.cases.CreateNewAccount"/>
  <testcase name="invalidLastName" time="50.927" classname="com.linkedin.cases.CreateNewAccount"/>
  <testcase name="invalid_emailid" time="44.378" classname="com.linkedin.cases.CreateNewAccount"/>
  <testcase name="invalid_password" time="52.192" classname="com.linkedin.cases.CreateNewAccount"/>
  <testcase name="invalid_emailid" time="40.727" classname="com.linkedin.cases.CreateNewAccount"/>
  <testcase name="cookiepolicy_link" time="27.278" classname="com.linkedin.cases.CreateNewAccount"/>
  <testcase name="invalid_password" time="45.753" classname="com.linkedin.cases.CreateNewAccount"/>
  <testcase name="invalidFirstname" time="53.901" classname="com.linkedin.cases.CreateNewAccount"/>
  <testcase name="invalidFirstname" time="176.638" classname="com.linkedin.cases.CreateNewAccount"/>
  <testcase name="verify_validation_msg" time="31.267" classname="com.linkedin.cases.CreateNewAccount"/>
  <testcase name="invalid_password" time="51.332" classname="com.linkedin.cases.CreateNewAccount"/>
  <testcase name="invalid_emailid" time="40.471" classname="com.linkedin.cases.CreateNewAccount"/>
  <testcase name="tab_functionality" time="26.754" classname="com.linkedin.cases.CreateNewAccount"/>
  <testcase name="invalid_emailid" time="44.277" classname="com.linkedin.cases.CreateNewAccount"/>
  <testcase name="privacypolicy_link" time="26.765" classname="com.linkedin.cases.CreateNewAccount"/>
  <testcase name="onclick_functionality" time="44.752" classname="com.linkedin.cases.CreateNewAccount"/>
  <testcase name="invalid_emailid" time="44.569" classname="com.linkedin.cases.CreateNewAccount"/>
  <testcase name="invalid_emailid" time="43.207" classname="com.linkedin.cases.CreateNewAccount"/>
  <testcase name="verify_joinnow_button" time="17.804" classname="com.linkedin.cases.CreateNewAccount"/>
  <testcase name="useragreement_link" time="29.625" classname="com.linkedin.cases.CreateNewAccount"/>
  <testcase name="invalid_emailid" time="39.846" classname="com.linkedin.cases.CreateNewAccount"/>
  <testcase name="invalidLastName" time="115.088" classname="com.linkedin.cases.CreateNewAccount"/>
  <testcase name="verify_labels_onpage" time="23.190" classname="com.linkedin.cases.CreateNewAccount"/>
  <testcase name="verify_mendatory_fields" time="30.167" classname="com.linkedin.cases.CreateNewAccount"/>
  <testcase name="invalid_emailid" time="40.333" classname="com.linkedin.cases.CreateNewAccount"/>
  <testcase name="textbox_edit" time="47.847" classname="com.linkedin.cases.CreateNewAccount"/>
  <testcase name="invalid_emailid" time="46.839" classname="com.linkedin.cases.CreateNewAccount"/>
  <testcase name="invalid_emailid" time="43.655" classname="com.linkedin.cases.CreateNewAccount"/>
  <testcase name="invalidFirstname" time="67.792" classname="com.linkedin.cases.CreateNewAccount"/>
  <testcase name="invalidLastName" time="53.077" classname="com.linkedin.cases.CreateNewAccount"/>
  <testcase name="invalid_emailid" time="43.721" classname="com.linkedin.cases.CreateNewAccount"/>
  <testcase name="invalid_emailid" time="49.706" classname="com.linkedin.cases.CreateNewAccount"/>
  <testcase name="invalidLastName" time="55.512" classname="com.linkedin.cases.CreateNewAccount"/>
</testsuite> <!-- com.linkedin.cases.CreateNewAccount -->
