<?xml version="1.0" encoding="UTF-8"?>
<!-- Generated by org.testng.reporters.JUnitReportReporter -->
<testsuite hostname="Rahul_P" name="com.demo.CalculatorApp" tests="2" failures="0" timestamp="17 Sep 2014 10:29:16 GMT" time="95.962" errors="0">
  <testcase name="AddFunctionality" time="38.093" classname="com.demo.CalculatorApp"/>
  <testcase name="VerifyCalc" time="57.869" classname="com.demo.CalculatorApp"/>
</testsuite> <!-- com.demo.CalculatorApp -->
