<?xml version="1.0" encoding="UTF-8"?>
<!-- Generated by org.testng.reporters.JUnitReportReporter -->
<testsuite hostname="Rahul_P" name="com.demo.CalculatorApp" tests="2" failures="0" timestamp="16 Sep 2014 14:42:27 GMT" time="138.046" errors="0">
  <testcase name="VerifyCalc" time="88.561" classname="com.demo.CalculatorApp"/>
  <testcase name="AddFunctionality" time="49.485" classname="com.demo.CalculatorApp"/>
</testsuite> <!-- com.demo.CalculatorApp -->
